{
  "RSpec": {
    "coverage": {
      "/Users/caitlincooling/Projects/dear_diary/spec/entry_spec.rb": [
        1,
        1,
        null,
        1,
        null,
        1,
        1,
        1,
        1,
        1,
        1,
        null,
        null,
        null,
        1,
        1,
        1,
        1,
        1,
        null,
        null,
        null,
        1,
        1,
        1,
        1,
        1,
        1,
        1,
        1,
        null,
        null,
        null,
        1,
        1,
        1,
        1,
        1,
        1,
        1,
        null,
        null,
        null
      ],
      "/Users/caitlincooling/Projects/dear_diary/spec/features/add_entry_spec.rb": [
        1,
        null,
        null,
        null,
        null,
        null,
        null,
        null,
        null,
        null,
        1,
        1,
        1,
        1,
        null,
        null,
        1,
        1,
        1,
        null,
        null
      ],
      "/Users/caitlincooling/Projects/dear_diary/spec/features/web_helper.rb": [
        1,
        8,
        8,
        null,
        null,
        1,
        7,
        7,
        7,
        7,
        null,
        null,
        1,
        6,
        6,
        null
      ],
      "/Users/caitlincooling/Projects/dear_diary/spec/features/delete_entry_spec.rb": [
        null,
        null,
        null,
        null,
        1,
        1,
        1,
        1,
        null,
        null,
        1,
        1,
        1,
        1,
        null,
        null
      ],
      "/Users/caitlincooling/Projects/dear_diary/spec/features/edit_entry_spec.rb": [
        null,
        null,
        null,
        null,
        1,
        1,
        2,
        2,
        2,
        null,
        null,
        1,
        1,
        1,
        1,
        null,
        null,
        1,
        1,
        1,
        1,
        1,
        null,
        null
      ],
      "/Users/caitlincooling/Projects/dear_diary/spec/features/index_spec.rb": [
        1,
        1,
        1,
        1,
        null,
        null
      ],
      "/Users/caitlincooling/Projects/dear_diary/spec/features/see_entries_spec.rb": [
        1,
        null,
        null,
        null,
        null,
        null,
        null,
        null,
        null,
        1,
        null,
        1,
        3,
        3,
        null,
        1,
        1,
        null,
        null,
        1,
        1,
        null,
        null,
        1,
        1,
        1,
        1,
        null,
        null
      ]
    },
    "timestamp": 1542876894
  }
}
